============================================
 Backup — 20260309_030001
============================================
[1/7] Pre-backup health check...
  ✓ ai-postgres — healthy
  ✓ ai-redis — healthy
  ✓ minio — healthy
  ✓ qdrant — healthy
[2/7] Backing up PostgreSQL...
  ✓ Saved: postgres-20260309_030001.sql.gz (12K)
[3/7] Backing up Qdrant vector database...
  ⚠ Qdrant snapshot skipped (service unavailable or no data)
[4/7] Backing up Redis...
  ✓ Saved: redis-20260309_030001.rdb
[5/7] Backing up MinIO metadata...
  ✓ Saved bucket listing + metadata
[6/7] Saving compose + config snapshots...
  ✓ Saved compose + env + configs snapshots
[7/7] Cleaning backups older than 7 days...
  ✓ Removed 0 old backup file(s)

============================================
 Backup complete — 20260309_030001
============================================
Files:
-rw-rw-r-- 1 azim azim 4.8K Mar  9 03:00 /home/azim/ai-call-platform/backups/configs-20260309_030001.tar.gz
-rw-rw-r-- 1 azim azim  24K Mar  9 03:00 /home/azim/ai-call-platform/backups/docker-compose-20260309_030001.yaml
-rw------- 1 azim azim 3.6K Mar  9 03:00 /home/azim/ai-call-platform/backups/env-20260309_030001.bak
-rw-rw-r-- 1 azim azim    0 Mar  9 03:00 /home/azim/ai-call-platform/backups/minio-buckets-20260309_030001.txt
-rw-rw-r-- 1 azim azim    0 Mar  9 03:00 /home/azim/ai-call-platform/backups/minio-stats-20260309_030001.txt
-rw-rw-r-- 1 azim azim 8.9K Mar  9 03:00 /home/azim/ai-call-platform/backups/postgres-20260309_030001.sql.gz
-rw------- 1 azim azim  238 Mar  9 02:51 /home/azim/ai-call-platform/backups/redis-20260309_030001.rdb

Total backup directory size: 196K
============================================
 Backup — 20260310_030001
============================================
[1/7] Pre-backup health check...
  ✓ ai-postgres — healthy
  ✓ ai-redis — healthy
  ✓ minio — healthy
  ✓ qdrant — healthy
[2/7] Backing up PostgreSQL...
  ✓ Saved: postgres-20260310_030001.sql.gz (12K)
[3/7] Backing up Qdrant vector database...
  ⚠ Qdrant snapshot skipped (service unavailable or no data)
[4/7] Backing up Redis...
  ✓ Saved: redis-20260310_030001.rdb
[5/7] Backing up MinIO metadata...
  ✓ Saved bucket listing + metadata
[6/7] Saving compose + config snapshots...
  ✓ Saved compose + env + configs snapshots
[7/7] Cleaning backups older than 7 days...
  ✓ Removed 0 old backup file(s)

============================================
 Backup complete — 20260310_030001
============================================
Files:
-rw-rw-r-- 1 azim azim 4.8K Mar 10 03:00 /home/azim/ai-call-platform/backups/configs-20260310_030001.tar.gz
-rw-rw-r-- 1 azim azim  24K Mar 10 03:00 /home/azim/ai-call-platform/backups/docker-compose-20260310_030001.yaml
-rw------- 1 azim azim 3.6K Mar 10 03:00 /home/azim/ai-call-platform/backups/env-20260310_030001.bak
-rw-rw-r-- 1 azim azim    0 Mar 10 03:00 /home/azim/ai-call-platform/backups/minio-buckets-20260310_030001.txt
-rw-rw-r-- 1 azim azim    0 Mar 10 03:00 /home/azim/ai-call-platform/backups/minio-stats-20260310_030001.txt
-rw-rw-r-- 1 azim azim 8.9K Mar 10 03:00 /home/azim/ai-call-platform/backups/postgres-20260310_030001.sql.gz
-rw------- 1 azim azim  241 Mar 10 02:45 /home/azim/ai-call-platform/backups/redis-20260310_030001.rdb

Total backup directory size: 248K
/bin/sh: 1: /home/azim/ai-call-platform/scripts/backup.sh: Permission denied
/bin/sh: 1: /home/azim/ai-call-platform/scripts/backup.sh: Permission denied
/bin/sh: 1: /home/azim/ai-call-platform/scripts/backup.sh: Permission denied
/bin/sh: 1: /home/azim/ai-call-platform/scripts/backup.sh: Permission denied
/bin/sh: 1: /home/azim/ai-call-platform/scripts/backup.sh: Permission denied
/bin/sh: 1: /home/azim/ai-call-platform/scripts/backup.sh: Permission denied
/bin/sh: 1: /home/azim/ai-call-platform/scripts/backup.sh: Permission denied
